<?xml version="1.0" encoding="UTF-8"?>
<!-- Generated by org.testng.reporters.JUnitReportReporter -->
<testsuite hostname="Alfaro" failures="0" tests="1" name="cucumber.TestNGTestRunner" time="17.320" errors="0" timestamp="2025-01-27T10:13:25 CST" skipped="0">
  <testcase classname="cucumber.TestNGTestRunner" name="runScenario" time="17.320"/>
</testsuite> <!-- cucumber.TestNGTestRunner -->
