<?xml version="1.0" encoding="UTF-8"?>
<!-- Generated by org.testng.reporters.JUnitReportReporter -->
<testsuite hostname="Alfaro" failures="0" tests="1" name="cucumber.TestNGTestRunner" time="8.917" errors="0" timestamp="2025-01-27T14:28:45 CST" skipped="0">
  <testcase classname="cucumber.TestNGTestRunner" name="runScenario" time="8.917"/>
</testsuite> <!-- cucumber.TestNGTestRunner -->
